app/build/intermediates/manifest_merge_blame_file/debug/manifest-merger-blame-debug-report.txt
1<?xml version="1.0" encoding="utf-8"?>
2<manifest xmlns:android="http://schemas.android.com/apk/res/android"
3    package="com.example.robocoderobotcreator"
4    android:versionCode="1"
5    android:versionName="1.0" >
6
7    <uses-sdk
8        android:minSdkVersion="23"
8-->src\main\AndroidManifest.xml
9        android:targetSdkVersion="30" />
9-->src\main\AndroidManifest.xml
10
11    <uses-permission android:name="android.permission.WAKE_LOCK" />
11-->src\main\AndroidManifest.xml:5:5-68
11-->src\main\AndroidManifest.xml:5:22-65
12
13    <uses-feature android:name="android.hardware.type.watch" />
13-->src\main\AndroidManifest.xml:7:5-64
13-->src\main\AndroidManifest.xml:7:19-61
14
15    <application
15-->src\main\AndroidManifest.xml:9:5-34:19
16        android:allowBackup="true"
16-->src\main\AndroidManifest.xml:10:9-35
17        android:appComponentFactory="androidx.core.app.CoreComponentFactory"
17-->[androidx.core:core:1.3.1] AndroidManifest.xml:24:18-86
18        android:debuggable="true"
19        android:extractNativeLibs="false"
20        android:icon="@mipmap/ic_launcher"
20-->src\main\AndroidManifest.xml:11:9-43
21        android:label="@string/app_name"
21-->src\main\AndroidManifest.xml:12:9-41
22        android:roundIcon="@mipmap/ic_launcher_round"
22-->src\main\AndroidManifest.xml:13:9-54
23        android:supportsRtl="true"
23-->src\main\AndroidManifest.xml:14:9-35
24        android:testOnly="true"
25        android:theme="@style/Theme.RobocodeRobotCreator" >
25-->src\main\AndroidManifest.xml:15:9-58
26        <activity
26-->src\main\AndroidManifest.xml:17:9-19:76
27            android:name="com.example.robocoderobotcreator.RobotEditorActivity"
27-->src\main\AndroidManifest.xml:18:13-48
28            android:label="@string/title_activity_robot_editor" />
28-->src\main\AndroidManifest.xml:19:13-64
29        <activity
29-->src\main\AndroidManifest.xml:20:9-29:20
30            android:name="com.example.robocoderobotcreator.MainActivity"
30-->src\main\AndroidManifest.xml:21:13-41
31            android:configChanges="orientation|keyboardHidden|screenSize"
31-->src\main\AndroidManifest.xml:22:13-74
32            android:theme="@style/Theme.RobocodeRobotCreator.Fullscreen" >
32-->src\main\AndroidManifest.xml:23:13-73
33            <intent-filter>
33-->src\main\AndroidManifest.xml:24:13-28:29
34                <action android:name="android.intent.action.MAIN" />
34-->src\main\AndroidManifest.xml:25:17-69
34-->src\main\AndroidManifest.xml:25:25-66
35
36                <category android:name="android.intent.category.LAUNCHER" />
36-->src\main\AndroidManifest.xml:27:17-77
36-->src\main\AndroidManifest.xml:27:27-74
37            </intent-filter>
38        </activity>
39        <activity
39-->src\main\AndroidManifest.xml:30:9-33:85
40            android:name="com.example.robocoderobotcreator.RobotEditorInventoryActivity"
40-->src\main\AndroidManifest.xml:31:13-57
41            android:configChanges="orientation|keyboardHidden|screenSize"
41-->src\main\AndroidManifest.xml:32:13-74
42            android:theme="@style/Theme.RobocodeRobotCreator.Fullscreen" />
42-->src\main\AndroidManifest.xml:33:13-73
43    </application>
44
45</manifest>